<!DOCTYPE html PUBLIC "-//W3C//DTD XHTML 1.1//EN" "https://www.w3.org/TR/xhtml11/DTD/xhtml11.dtd">
<html xmlns="https://www.w3.org/1999/xhtml">
<head>
<meta http-equiv="content-type" content="text/html; charset=UTF-8"/>
<title>TestNG Report</title>
<style type="text/css">table {margin-bottom:10px;border-collapse:collapse;empty-cells:show}th,td {border:1px solid #009;padding:.25em .5em}th {vertical-align:bottom}td {vertical-align:top}table a {font-weight:bold}.stripe td {background-color: #E6EBF9}.num {text-align:right}.passedodd td {background-color: #3F3}.passedeven td {background-color: #0A0}.skippedodd td {background-color: #DDD}.skippedeven td {background-color: #CCC}.failedodd td,.attn {background-color: #F33}.failedeven td,.stripe .attn {background-color: #D00}.stacktrace {white-space:pre;font-family:monospace}.totop {font-size:85%;text-align:center;border-bottom:2px solid #000}.invisible {display:none}</style>
</head>
<body>
<table>
<tr><th>Test</th><th># Passed</th><th># Skipped</th><th># Retried</th><th># Failed</th><th>Time (ms)</th><th>Included Groups</th><th>Excluded Groups</th></tr>
<tr><th colspan="8">SeleniumFramework_PageObjectModel</th></tr>
<tr><td><a href="#t0">PageObjectModelProject_Jan2022</a></td><td class="num">0</td><td class="num attn">3</td><td class="num">0</td><td class="num attn">2</td><td class="num">37,521</td><td></td><td></td></tr>
</table>
<table id='summary'><thead><tr><th>Class</th><th>Method</th><th>Start</th><th>Time (ms)</th></tr></thead><tbody><tr><th colspan="4">SeleniumFramework_PageObjectModel</th></tr></tbody><tbody id="t0"><tr><th colspan="4">PageObjectModelProject_Jan2022 &#8212; failed</th></tr><tr class="failedeven"><td rowspan="1">testcases.CreateLead</td><td><a href="#m0">loginTest</a></td><td rowspan="1">1647241570891</td><td rowspan="1">23018</td></tr><tr class="failedodd"><td rowspan="1">testcases.LogIN</td><td><a href="#m1">loginTest</a></td><td rowspan="1">1647241557122</td><td rowspan="1">12733</td></tr><tr><th colspan="4">PageObjectModelProject_Jan2022 &#8212; skipped</th></tr><tr class="skippedeven"><td rowspan="1">testcases.CreateLead</td><td><a href="#m2">loginTest</a></td><td rowspan="1">1647241593986</td><td rowspan="1">10</td></tr><tr class="skippedodd"><td rowspan="2">testcases.LogIN</td><td><a href="#m3">loginTest</a></td><td rowspan="2">1647241570840</td><td rowspan="2">4</td></tr><tr class="skippedodd"><td><a href="#m4">loginTest</a></td></tr></tbody>
</table>
<h2>PageObjectModelProject_Jan2022</h2><h3 id="m0">testcases.CreateLead#loginTest</h3><table class="result"><tr class="param"><th>Parameter #1</th></tr><tr class="param stripe"><td>{Password=Ishu@284128, LeadLastName=Gates, Runmode=Y, UserName=bloggerdelhi123@gmail.com, LeadCompany=Microsoft, UsernameValid=Y, Browser=chrome}</td></tr><tr><th>Exception</th></tr><tr><td><div class="stacktrace">java.lang.NullPointerException: Cannot invoke &quot;org.testng.ITestResult.getTestContext()&quot; because the return value of &quot;org.testng.Reporter.getCurrentTestResult()&quot; is null
	at com.zoho.listener.ZohoeventListener.getSession(ZohoeventListener.java:45)
	at com.zoho.listener.ZohoeventListener.beforeFindBy(ZohoeventListener.java:26)
	at org.openqa.selenium.support.events.EventFiringWebDriver.lambda$new$0(EventFiringWebDriver.java:85)
	at jdk.proxy2/jdk.proxy2.$Proxy14.beforeFindBy(Unknown Source)
	at org.openqa.selenium.support.events.EventFiringWebDriver.findElement(EventFiringWebDriver.java:194)
	at org.openqa.selenium.support.ui.ExpectedConditions$6.apply(ExpectedConditions.java:182)
	at org.openqa.selenium.support.ui.ExpectedConditions$6.apply(ExpectedConditions.java:179)
	at org.openqa.selenium.support.ui.FluentWait.lambda$checkConditionInLoop$2(FluentWait.java:233)
	at java.base/java.util.concurrent.CompletableFuture$AsyncSupply.run(CompletableFuture.java:1764)
	at java.base/java.util.concurrent.CompletableFuture$AsyncSupply.exec(CompletableFuture.java:1756)
	at java.base/java.util.concurrent.ForkJoinTask.doExec(ForkJoinTask.java:295)
	at java.base/java.util.concurrent.ForkJoinPool$WorkQueue.topLevelExec(ForkJoinPool.java:1016)
	at java.base/java.util.concurrent.ForkJoinPool.scan(ForkJoinPool.java:1665)
	at java.base/java.util.concurrent.ForkJoinPool.runWorker(ForkJoinPool.java:1598)
	at java.base/java.util.concurrent.ForkJoinWorkerThread.run(ForkJoinWorkerThread.java:183)
... Removed 4 stack frames</div></td></tr></table><p class="totop"><a href="#summary">back to summary</a></p>
<h3 id="m1">testcases.LogIN#loginTest</h3><table class="result"><tr class="param"><th>Parameter #1</th></tr><tr class="param stripe"><td>{Password=Ishu@284128, Runmode=Y, UserName=bloggerdelhi123@gmail.com, PasswordValid=Y, UsernameValid=Y, Browser=chrome}</td></tr><tr><th>Exception</th></tr><tr><td><div class="stacktrace">java.lang.NullPointerException: Cannot invoke &quot;org.testng.ITestResult.getTestContext()&quot; because the return value of &quot;org.testng.Reporter.getCurrentTestResult()&quot; is null
	at com.zoho.listener.ZohoeventListener.getSession(ZohoeventListener.java:45)
	at com.zoho.listener.ZohoeventListener.beforeFindBy(ZohoeventListener.java:26)
	at org.openqa.selenium.support.events.EventFiringWebDriver.lambda$new$0(EventFiringWebDriver.java:85)
	at jdk.proxy2/jdk.proxy2.$Proxy14.beforeFindBy(Unknown Source)
	at org.openqa.selenium.support.events.EventFiringWebDriver.findElement(EventFiringWebDriver.java:194)
	at org.openqa.selenium.support.ui.ExpectedConditions$6.apply(ExpectedConditions.java:182)
	at org.openqa.selenium.support.ui.ExpectedConditions$6.apply(ExpectedConditions.java:179)
	at org.openqa.selenium.support.ui.FluentWait.lambda$checkConditionInLoop$2(FluentWait.java:233)
	at java.base/java.util.concurrent.CompletableFuture$AsyncSupply.run(CompletableFuture.java:1764)
	at java.base/java.util.concurrent.CompletableFuture$AsyncSupply.exec(CompletableFuture.java:1756)
	at java.base/java.util.concurrent.ForkJoinTask.doExec(ForkJoinTask.java:295)
	at java.base/java.util.concurrent.ForkJoinPool$WorkQueue.topLevelExec(ForkJoinPool.java:1016)
	at java.base/java.util.concurrent.ForkJoinPool.scan(ForkJoinPool.java:1665)
	at java.base/java.util.concurrent.ForkJoinPool.runWorker(ForkJoinPool.java:1598)
	at java.base/java.util.concurrent.ForkJoinWorkerThread.run(ForkJoinWorkerThread.java:183)
... Removed 4 stack frames</div></td></tr></table><p class="totop"><a href="#summary">back to summary</a></p>
<h3 id="m2">testcases.CreateLead#loginTest</h3><table class="result"><tr class="param"><th>Parameter #1</th></tr><tr class="param stripe"><td>{Password=Ishu@284128, LeadLastName=PremJi, Runmode=N, UserName=bloggerdelhi123@gmail.com, LeadCompany=Wipro, UsernameValid=Y, Browser=chrome}</td></tr><tr><th>Exception</th></tr><tr><td><div class="stacktrace">org.testng.SkipException: Skipping the test as Runmode is set as NO
	at testcases.CreateLead.loginTest(CreateLead.java:42)
	at java.base/java.util.ArrayList.forEach(ArrayList.java:1511)
... Removed 27 stack frames</div></td></tr></table><p class="totop"><a href="#summary">back to summary</a></p>
<h3 id="m3">testcases.LogIN#loginTest</h3><table class="result"><tr class="param"><th>Parameter #1</th></tr><tr class="param stripe"><td>{Password=Ishu@284128, Runmode=N, UserName=12bloggerdelhi123@gmail.com, PasswordValid=Y, UsernameValid=Y, Browser=chrome}</td></tr><tr><th>Exception</th></tr><tr><td><div class="stacktrace">org.testng.SkipException: Skipping the test as Runmode is set as NO
	at testcases.LogIN.loginTest(LogIN.java:57)
	at java.base/java.util.ArrayList.forEach(ArrayList.java:1511)
... Removed 27 stack frames</div></td></tr></table><p class="totop"><a href="#summary">back to summary</a></p>
<h3 id="m4">testcases.LogIN#loginTest</h3><table class="result"><tr class="param"><th>Parameter #1</th></tr><tr class="param stripe"><td>{Password=Ishu@284128, Runmode=N, UserName=bloggerdelhi123@gmail.com, PasswordValid=Y, UsernameValid=Y, Browser=chrome}</td></tr><tr><th>Exception</th></tr><tr><td><div class="stacktrace">org.testng.SkipException: Skipping the test as Runmode is set as NO
	at testcases.LogIN.loginTest(LogIN.java:57)
	at java.base/java.util.ArrayList.forEach(ArrayList.java:1511)
... Removed 27 stack frames</div></td></tr></table><p class="totop"><a href="#summary">back to summary</a></p>
</body>
</html>
